<?xml version="1.0" encoding="UTF-8"?>
<testsuite xmlns:xsi="http://www.w3.org/2001/XMLSchema-instance" xsi:noNamespaceSchemaLocation="https://maven.apache.org/surefire/maven-surefire-plugin/xsd/surefire-test-report-3.0.xsd" version="3.0" name="com.example.personmanagement.controller.PersonControllerTest" time="4.212" tests="2" errors="0" skipped="0" failures="0">
  <properties>
[...]
</properties>
  <testcase name="shouldCreate" classname="com.example.personmanagement.controller.PersonControllerTest" time="0.398">
    <system-out><![CDATA[22:26:16.886 [main] INFO org.springframework.test.context.support.AnnotationConfigContextLoaderUtils -- Could not detect default configuration classes for test class [com.example.personmanagement.controller.PersonControllerTest]: PersonControllerTest does not declare any static, non-private, non-final, nested classes annotated with @Configuration.
22:26:17.100 [main] INFO org.springframework.boot.test.context.SpringBootTestContextBootstrapper -- Found @SpringBootConfiguration com.example.personmanagement.PersonManagementApplication for test class com.example.personmanagement.controller.PersonControllerTest

  .   ____          _            __ _ _
 /\\ / ___'_ __ _ _(_)_ __  __ _ \ \ \ \
( ( )\___ | '_ | '_| | '_ \/ _` | \ \ \ \
 \\/  ___)| |_)| | | | | || (_| |  ) ) ) )
  '  |____| .__|_| |_|_| |_\__, | / / / /
 =========|_|==============|___/=/_/_/_/
 :: Spring Boot ::                (v3.1.6)

2025-12-12T22:26:17.673Z  INFO 10570 --- [           main] c.e.p.controller.PersonControllerTest    : Starting PersonControllerTest using Java 25.0.1 with PID 10570 (started by codespace in /workspaces/person-management-api)
2025-12-12T22:26:17.676Z  INFO 10570 --- [           main] c.e.p.controller.PersonControllerTest    : No active profile set, falling back to 1 default profile: "default"
2025-12-12T22:26:20.365Z  INFO 10570 --- [           main] o.s.b.t.m.w.SpringBootMockServletContext : Initializing Spring TestDispatcherServlet ''
2025-12-12T22:26:20.366Z  INFO 10570 --- [           main] o.s.t.web.servlet.TestDispatcherServlet  : Initializing Servlet ''
2025-12-12T22:26:20.377Z  INFO 10570 --- [           main] o.s.t.web.servlet.TestDispatcherServlet  : Completed initialization in 1 ms
2025-12-12T22:26:20.442Z  INFO 10570 --- [           main] c.e.p.controller.PersonControllerTest    : Started PersonControllerTest in 3.269 seconds (process running for 4.612)
]]></system-out>
    <system-err><![CDATA[WARNING: A Java agent has been loaded dynamically (/home/codespace/.m2/repository/net/bytebuddy/byte-buddy-agent/1.14.10/byte-buddy-agent-1.14.10.jar)
WARNING: If a serviceability tool is in use, please run with -XX:+EnableDynamicAgentLoading to hide this warning
WARNING: If a serviceability tool is not in use, please run with -Djdk.instrument.traceUsage for more information
WARNING: Dynamic loading of agents will be disallowed by default in a future release
]]></system-err>
  </testcase>
  <testcase name="shouldList" classname="com.example.personmanagement.controller.PersonControllerTest" time="0.037"/>
</testsuite>